LOGS ACCESS: 
[11/12/15 19:38:17] : SELECT * FROM Users WHERE 1 ORDER BY id DESC; 
[11/12/15 19:44:08] : SELECT * FROM Users WHERE 1 ORDER BY id DESC; 
[16/12/15 12:08:24] : SELECT * FROM Users WHERE 1 ORDER BY id DESC; 
[16/12/15 12:11:10] : SELECT * FROM Users WHERE 1 ORDER BY id DESC LIMIT 0, 2; 
[16/12/15 12:11:18] : SELECT * FROM Users WHERE 1 ORDER BY id DESC LIMIT 2, 2; 
[16/12/15 12:11:23] : SELECT * FROM Users WHERE 1 ORDER BY id DESC LIMIT 3, 2; 
[16/12/15 12:11:28] : SELECT * FROM Users WHERE 1 ORDER BY id DESC LIMIT 2, 2; 
[16/12/15 12:14:23] : SELECT * FROM Users WHERE 1 ORDER BY id DESC LIMIT 2, 2; 
[16/12/15 12:15:09] : SELECT * FROM Users WHERE 1 ORDER BY id DESC LIMIT 2, 2; 
[16/12/15 12:15:17] : SELECT * FROM Users WHERE 1 ORDER BY id DESC LIMIT 2, 2; 
[16/12/15 12:15:36] : SELECT * FROM Users WHERE 1 ORDER BY id DESC LIMIT 2, 2; 
[16/12/15 12:15:45] : SELECT * FROM Users WHERE 1 ORDER BY id DESC LIMIT 4, 2; 
[16/12/15 12:20:48] : SELECT * FROM Users WHERE 1 ORDER BY id DESC LIMIT 4, 2; 
[16/12/15 12:20:54] : SELECT * FROM Users WHERE 1 ORDER BY id DESC LIMIT 4, 2; 
[16/12/15 12:20:54] : INSERT INTO users (id) VALUES (DEFAULT); 
[16/12/15 12:20:54] : UPDATE users SET  pseudo = 'Luke Skywalker', password = 'LoveMySister', age = '26' WHERE id = '5'; 
[16/12/15 13:51:31] : SELECT * FROM Users WHERE 1 ORDER BY id DESC LIMIT 4, 2; 
[16/12/15 13:51:31] : INSERT INTO users (id) VALUES (DEFAULT); 
[16/12/15 13:51:32] : UPDATE users SET  pseudo = 'Luke Skywalker', password = 'LoveMySister', age = '26' WHERE id = '6'; 
[10/02/16 11:38:19] : SELECT * FROM Posts WHERE 1 ORDER BY id DESC LIMIT 0, 4; 
